<?xml version="1.0" encoding="UTF-8"?>
<!-- Generated by org.testng.reporters.JUnitXMLReporter -->
<testsuite ignored="0" hostname="admins-MacBook-Air.local" failures="0" tests="3" name="PositiveTest-ME" time="85.035" errors="0" timestamp="2022-06-22T22:53:33 CEST">
  <testcase classname="com.automationexercise.test.cases.SignUpTest" name="signUpTestCases" time="17.492"/>
  <testcase classname="com.automationexercise.test.cases.LogInTest" name="loginTestCases" time="6.404"/>
  <testcase classname="com.automationexercise.test.cases.CheckoutTest" name="checkoutTestCases" time="39.208"/>
</testsuite> <!-- PositiveTest-ME -->
