<?xml version="1.0" encoding="UTF-8"?>
<!-- Generated by org.testng.reporters.JUnitXMLReporter -->
<testsuite ignored="0" hostname="admins-MacBook-Air.local" failures="0" tests="3" name="PositiveTest-CH" time="94.322" errors="0" timestamp="2022-06-22T22:50:58 CEST">
  <testcase classname="com.automationexercise.test.cases.SignUpTest" name="signUpTestCases" time="21.337"/>
  <testcase classname="com.automationexercise.test.cases.LogInTest" name="loginTestCases" time="7.564"/>
  <testcase classname="com.automationexercise.test.cases.CheckoutTest" name="checkoutTestCases" time="35.866"/>
</testsuite> <!-- PositiveTest-CH -->
