<?xml version="1.0" encoding="UTF-8"?>
<!-- Generated by org.testng.reporters.JUnitXMLReporter -->
<testsuite ignored="0" hostname="admins-MacBook-Air.local" failures="0" tests="3" name="PositiveTest-FF" time="59.238" errors="0" timestamp="2022-06-22T22:52:03 CEST">
  <testcase classname="com.automationexercise.test.cases.SignUpTest" name="signUpTestCases" time="16.154"/>
  <testcase classname="com.automationexercise.test.cases.LogInTest" name="loginTestCases" time="5.29"/>
  <testcase classname="com.automationexercise.test.cases.CheckoutTest" name="checkoutTestCases" time="20.237"/>
</testsuite> <!-- PositiveTest-FF -->
